{"created_at":"2026-06-05 08:59:41","type":"approval_credentials","name":"Vedant Sunil Khandale","email":"vedantt.khandale@gmail.com","password":"rCGpwhK7Lx","error":"SMTP username/password missing in config/mail.php."}
{"created_at":"2026-06-05 09:03:42","type":"approval_credentials","name":"Vedant Sunil Khandale","email":"vedantt.khandale@gmail.com","password":"BtTqvzk9Zh","error":"SMTP Error: Could not authenticate."}
{"created_at":"2026-06-10 20:03:22","type":"approval_credentials","name":"Vedant Sunil Khandale","email":"vedantt.khandale@gmail.com","password":"W7Ze2nSbVk","error":"SMTP Error: Could not connect to SMTP host. Failed to connect to server SMTP server error: Failed to connect to server Additional SMTP info: php_network_getaddresses: getaddrinfo failed: No such host is known. "}
{"created_at":"2026-06-22 08:20:37","type":"approval_notification","name":"vedant khandale","email":"vedantt.khandale@gmail.com","password":null,"error":"SMTP Error: Could not authenticate."}
{"created_at":"2026-06-22 08:22:14","type":"approval_notification","name":"Mahek","email":"mahekharinkhede24@gmail.com","password":null,"error":"SMTP Error: Could not connect to SMTP host. Failed to connect to server SMTP server error: Failed to connect to server Additional SMTP info: php_network_getaddresses: getaddrinfo failed: No such host is known. "}
{"created_at":"2026-06-22 08:32:56","type":"approval_notification","name":"Mahek","email":"mahekharinkhede24@gmail.com","password":null,"error":"SMTP Error: Could not authenticate."}
{"created_at":"2026-06-22 08:36:30","type":"approval_notification","name":"Priyanshi","email":"priyanshisahare03@gmail.com","password":null,"error":"SMTP Error: Could not authenticate."}
{"created_at":"2026-06-22 08:38:35","type":"approval_notification","name":"vedant khandale","email":"vedantt.khandale@gmail.com","password":null,"error":"SMTP Error: Could not authenticate."}
{"created_at":"2026-06-22 08:40:30","type":"approval_notification","name":"vedant khandale","email":"vedantt.khandale@gmail.com","password":null,"error":"SMTP Error: Could not authenticate."}
{"created_at":"2026-06-22 08:42:21","type":"approval_notification","name":"vedant khandale","email":"vedantt.khandale@gmail.com","password":null,"error":"SMTP Error: Could not authenticate."}
{"created_at":"2026-06-22 08:43:30","type":"approval_notification","name":"vedant khandale","email":"vedantt.khandale@gmail.com","password":null,"error":"SMTP Error: Could not authenticate."}
{"created_at":"2026-06-23 09:28:09","type":"approval_notification","name":"Mahek","email":"mahekharinkhede24@gmail.com","password":null,"error":"SMTP Error: Could not authenticate."}
{"created_at":"2026-06-23 09:30:19","type":"approval_notification","name":"Mahek","email":"mahekharinkhede24@gmail.com","password":null,"error":"SMTP Error: Could not authenticate."}
{"created_at":"2026-06-23 09:34:22","type":"approval_notification","name":"Mahek","email":"mahekharinkhede24@gmail.com","password":null,"error":"SMTP Error: Could not authenticate."}
{"created_at":"2026-06-23 09:40:06","type":"approval_notification","name":"Priyanshi","email":"priyanshisahare03@gmail.com","password":null,"error":"SMTP Error: Could not authenticate."}
{"created_at":"2026-06-23 10:00:39","type":"approval_notification","name":"Mahek","email":"mahekharinkhede24@gmail.com","password":null,"error":"SMTP Error: Could not authenticate."}
{"created_at":"2026-06-23 10:01:26","type":"approval_notification","name":"Mahek","email":"mahekharinkhede24@gmail.com","password":null,"error":"SMTP Error: Could not authenticate."}
{"created_at":"2026-06-24 07:42:35","type":"approval_notification","name":"Mahek","email":"mahekharinkhede24@gmail.com","password":null,"error":"SMTP Error: Could not authenticate."}
{"created_at":"2026-06-24 08:06:42","type":"approval_notification","name":"Mahek","email":"mahekharinkhede24@gmail.com","password":null,"error":"SMTP Error: Could not authenticate."}
{"created_at":"2026-06-24 08:10:38","type":"approval_notification","name":"vedant khandale","email":"vedantt.khandale@gmail.com","password":null,"error":"SMTP Error: Could not authenticate."}
{"created_at":"2026-06-29 08:00:18","type":"approval_notification","name":"Mahek","email":"mahekharinkhede24@gmail.com","error":"SMTP Error: Could not connect to SMTP host. Failed to connect to server SMTP server error: Failed to connect to server Additional SMTP info: php_network_getaddresses: getaddrinfo for smtp.gmail.com failed: No such host is known. "}
{"created_at":"2026-06-29 08:02:00","type":"approval_notification","name":"Mahek","email":"mahekharinkhede24@gmail.com","error":"SMTP Error: Could not connect to SMTP host. Failed to connect to server SMTP server error: Failed to connect to server Additional SMTP info: php_network_getaddresses: getaddrinfo for smtp.gmail.com failed: No such host is known. "}
{"created_at":"2026-06-29 08:02:10","type":"account_rejection","name":"vedant khandale","email":"vedantt.khandale@gmail.com","error":"SMTP Error: Could not connect to SMTP host. Failed to connect to server SMTP server error: Failed to connect to server Additional SMTP info: php_network_getaddresses: getaddrinfo for smtp.gmail.com failed: No such host is known. "}
{"created_at":"2026-06-29 08:02:24","type":"account_rejection","name":"vedant khandale","email":"vedantt.khandale@gmail.com","error":"SMTP Error: Could not connect to SMTP host. Failed to connect to server SMTP server error: Failed to connect to server Additional SMTP info: php_network_getaddresses: getaddrinfo for smtp.gmail.com failed: No such host is known. "}
{"created_at":"2026-06-29 08:11:37","type":"approval_notification","name":"Mahek","email":"mahekharinkhede24@gmail.com","error":"SMTP Error: Could not connect to SMTP host. SMTP server error: QUIT command failed"}
{"created_at":"2026-06-29 08:13:39","type":"approval_notification","name":"Mahek","email":"mahekharinkhede24@gmail.com","error":"SMTP Error: Could not authenticate."}
{"created_at":"2026-06-29 08:22:24","type":"approval_notification","name":"Mahek","email":"mahekharinkhede24@gmail.com","error":"SMTP Error: Could not connect to SMTP host. Connection failed. stream_socket_enable_crypto(): SSL: An existing connection was forcibly closed by the remote host SMTP server error: QUIT command failed"}
{"created_at":"2026-06-29 08:22:40","type":"account_rejection","name":"vedant khandale","email":"vedantt.khandale@gmail.com","error":"SMTP Error: Could not authenticate."}
{"created_at":"2026-06-29 08:22:45","type":"approval_resend","name":"vedant khandale","email":"vedantt.khandale@gmail.com","error":"SMTP Error: Could not authenticate."}
{"created_at":"2026-06-29 08:22:52","type":"account_rejection","name":"vedant khandale","email":"vedantt.khandale@gmail.com","error":"SMTP Error: Could not authenticate."}
{"created_at":"2026-06-29 08:24:02","type":"approval_notification","name":"Mahek","email":"mahekharinkhede24@gmail.com","error":"SMTP Error: Could not authenticate."}
{"created_at":"2026-06-29 08:24:10","type":"account_rejection","name":"vedant khandale","email":"vedantt.khandale@gmail.com","error":"SMTP Error: Could not authenticate."}
{"created_at":"2026-06-29 08:33:31","type":"approval_notification","name":"vaibhavishelke","email":"vaibhavishelke01@gmail.com","error":"SMTP authentication failed. The configured sender email or Gmail app password is invalid, expired, or revoked."}
{"created_at":"2026-06-29 08:52:05","type":"approval_notification","name":"vaibhavishelke","email":"vaibhavishelke01@gmail.com","error":"SMTP authentication failed. The configured sender email or Gmail app password is invalid, expired, or revoked."}
{"created_at":"2026-06-29 08:52:08","type":"approval_notification","name":"Mahek","email":"mahekharinkhede24@gmail.com","error":"SMTP authentication failed. The configured sender email or Gmail app password is invalid, expired, or revoked."}
