{"created_at":"2026-06-23 09:28:09","email":"mahekharinkhede24@gmail.com","context":"approval_notice","error":"SMTP Error: Could not authenticate."}
{"created_at":"2026-06-23 09:30:19","email":"mahekharinkhede24@gmail.com","context":"approval_notice","error":"SMTP Error: Could not authenticate."}
{"created_at":"2026-06-23 09:34:22","email":"mahekharinkhede24@gmail.com","context":"approval_notice","error":"SMTP Error: Could not authenticate."}
{"created_at":"2026-06-23 09:40:06","email":"priyanshisahare03@gmail.com","context":"approval_notice","error":"SMTP Error: Could not authenticate."}
{"created_at":"2026-06-23 10:00:39","email":"mahekharinkhede24@gmail.com","context":"approval_notice","error":"SMTP Error: Could not authenticate."}
{"created_at":"2026-06-23 10:01:26","email":"mahekharinkhede24@gmail.com","context":"approval_notice","error":"SMTP Error: Could not authenticate."}
{"created_at":"2026-06-24 07:42:35","email":"mahekharinkhede24@gmail.com","context":"approval_notice","error":"SMTP Error: Could not authenticate."}
{"created_at":"2026-06-24 08:06:42","email":"mahekharinkhede24@gmail.com","context":"approval_notice","error":"SMTP Error: Could not authenticate."}
{"created_at":"2026-06-24 08:10:38","email":"vedantt.khandale@gmail.com","context":"approval_notice","error":"SMTP Error: Could not authenticate."}
{"created_at":"2026-06-29 08:00:18","email":"mahekharinkhede24@gmail.com","context":"approval_credentials","error":"SMTP Error: Could not connect to SMTP host. Failed to connect to server SMTP server error: Failed to connect to server Additional SMTP info: php_network_getaddresses: getaddrinfo for smtp.gmail.com failed: No such host is known. "}
{"created_at":"2026-06-29 08:02:00","email":"mahekharinkhede24@gmail.com","context":"approval_credentials","error":"SMTP Error: Could not connect to SMTP host. Failed to connect to server SMTP server error: Failed to connect to server Additional SMTP info: php_network_getaddresses: getaddrinfo for smtp.gmail.com failed: No such host is known. "}
{"created_at":"2026-06-29 08:02:10","email":"vedantt.khandale@gmail.com","context":"account_rejection","error":"SMTP Error: Could not connect to SMTP host. Failed to connect to server SMTP server error: Failed to connect to server Additional SMTP info: php_network_getaddresses: getaddrinfo for smtp.gmail.com failed: No such host is known. "}
{"created_at":"2026-06-29 08:02:24","email":"vedantt.khandale@gmail.com","context":"account_rejection","error":"SMTP Error: Could not connect to SMTP host. Failed to connect to server SMTP server error: Failed to connect to server Additional SMTP info: php_network_getaddresses: getaddrinfo for smtp.gmail.com failed: No such host is known. "}
{"created_at":"2026-06-29 08:11:37","email":"mahekharinkhede24@gmail.com","context":"approval_credentials","error":"SMTP Error: Could not connect to SMTP host. SMTP server error: QUIT command failed"}
{"created_at":"2026-06-29 08:13:39","email":"mahekharinkhede24@gmail.com","context":"approval_credentials","error":"SMTP Error: Could not authenticate."}
{"created_at":"2026-06-29 08:22:24","email":"mahekharinkhede24@gmail.com","context":"approval_credentials","error":"SMTP Error: Could not connect to SMTP host. Connection failed. stream_socket_enable_crypto(): SSL: An existing connection was forcibly closed by the remote host SMTP server error: QUIT command failed"}
{"created_at":"2026-06-29 08:22:40","email":"vedantt.khandale@gmail.com","context":"account_rejection","error":"SMTP Error: Could not authenticate."}
{"created_at":"2026-06-29 08:22:45","email":"vedantt.khandale@gmail.com","context":"approval_credentials","error":"SMTP Error: Could not authenticate."}
{"created_at":"2026-06-29 08:22:52","email":"vedantt.khandale@gmail.com","context":"account_rejection","error":"SMTP Error: Could not authenticate."}
{"created_at":"2026-06-29 08:24:02","email":"mahekharinkhede24@gmail.com","context":"approval_credentials","error":"SMTP Error: Could not authenticate."}
{"created_at":"2026-06-29 08:24:10","email":"vedantt.khandale@gmail.com","context":"account_rejection","error":"SMTP Error: Could not authenticate."}
{"created_at":"2026-06-29 08:27:11","email":"AluminiX5@gmail.com","context":"mail_test","error":"SMTP Error: Could not authenticate."}
{"created_at":"2026-06-29 08:33:16","email":"vaibhavishelke01@gmail.com","context":"registration_confirmation","error":"SMTP Error: Could not authenticate."}
{"created_at":"2026-06-29 08:33:31","email":"vaibhavishelke01@gmail.com","context":"approval_credentials","error":"SMTP Error: Could not authenticate."}
{"created_at":"2026-06-29 08:49:57","email":"AluminiX5@gmail.com","context":"mail_test","error":"SMTP Error: Could not authenticate."}
{"created_at":"2026-06-29 08:52:05","email":"vaibhavishelke01@gmail.com","context":"approval_credentials","error":"SMTP Error: Could not authenticate."}
{"created_at":"2026-06-29 08:52:08","email":"mahekharinkhede24@gmail.com","context":"approval_credentials","error":"SMTP Error: Could not authenticate."}
